Version: 1.6.13
Loading settings
Starting up
Loading text
Initializing Video
Video: 1920x1080, fullscreen
Video Initialized
Renderer: OpenGL version 4.6 (GL_VERSION: 4.6.0 NVIDIA 560.81)
Creating FBO...
GalaxyAPI initialized.
Starting audio library...
Audio Initialized!
Resource Preload: 4.623
Initializing animations...
Animations Initialized!
Loading Ship Blueprints....
Blueprints Loaded!
Initializing Sound Data....
Generating world...
Loading achievements...
Loading score file...
Running Game!
Finalizing Galaxy achievements
